{"D:\\myEg2\\myEg2\\日常\\覆盖率工具Istanbul\\simple.js":{"path":"D:\\myEg2\\myEg2\\日常\\覆盖率工具Istanbul\\simple.js","s":{"1":1,"2":1,"3":1,"4":0},"b":{"1":[0,1]},"f":{},"fnMap":{},"statementMap":{"1":{"start":{"line":1,"column":0},"end":{"line":1,"column":8}},"2":{"start":{"line":2,"column":0},"end":{"line":2,"column":8}},"3":{"start":{"line":3,"column":0},"end":{"line":5,"column":1}},"4":{"start":{"line":4,"column":1},"end":{"line":4,"column":25}}},"branchMap":{"1":{"line":3,"type":"if","locations":[{"start":{"line":3,"column":0},"end":{"line":3,"column":0}},{"start":{"line":3,"column":0},"end":{"line":3,"column":0}}]}}}}